Arguments: 
  /Users/normanpellet/.nvm/versions/node/v7.9.0/bin/node /Users/normanpellet/.nvm/versions/node/v7.9.0/bin/yarn dist

PATH: 
  /Users/normanpellet/.nvm/versions/node/v7.9.0/bin:/Library/Frameworks/Python.framework/Versions/3.4/bin:/Users/normanpellet/.rvm/gems/ruby-2.0.0-p247/bin:/Users/normanpellet/.rvm/gems/ruby-2.0.0-p247@global/bin:/Users/normanpellet/.rvm/rubies/ruby-2.0.0-p247/bin:/usr/bin:/bin:/usr/sbin:/sbin:/usr/local/bin:/Library/TeX/texbin:/Users/normanpellet/.rvm/bin:/Users/normanpellet/.rvm/bin

Yarn version: 
  0.27.5

Node version: 
  7.9.0

Platform: 
  darwin x64

npm manifest: 
  {
    "name": "candlelight-frontend",
    "version": "1.0.0",
    "description": "The front-end interface for the candle light cell tracking system",
    "main": "main.js",
    "scripts": {
      "start": "electron .",
      "pack": "electron-builder --dir",
      "dist": "electron-builder"
    },
    "build": {
      "appId": "com.candlelight.ageing",
      "productName": "Candlelight ageing",
      "mac": {
        "target": "dmg",
        "category": "public.app-category.developer-tools"
      },
      "asar": false
    }
  
    "repository": "https://github.com/cheminfo/candlelight",
    "keywords": [
     
    ],
    "author": "Norman Pellet",
    "license": "MIT",
    "devDependencies": {
      "electron": "~1.6.2"
    }
  }

yarn manifest: 
  No manifest

Lockfile: 
  No lockfile

Trace: 
  SyntaxError: /Users/normanpellet/Documents/PhD/Node-net/spectrolab-control/GUSTAV/app_public/app/package.json: Unexpected string in JSON at position 498
      at JSON.parse (<anonymous>)
      at /Users/normanpellet/.nvm/versions/node/v7.9.0/lib/node_modules/yarn/lib/util/fs.js:554:57
      at Generator.next (<anonymous>)
      at step (/Users/normanpellet/.nvm/versions/node/v7.9.0/lib/node_modules/yarn/node_modules/babel-runtime/helpers/asyncToGenerator.js:17:30)
      at /Users/normanpellet/.nvm/versions/node/v7.9.0/lib/node_modules/yarn/node_modules/babel-runtime/helpers/asyncToGenerator.js:28:13
